<?xml version="1.0" encoding="UTF-8"?>
<!-- Generated by org.testng.reporters.JUnitReportReporter -->
<testsuite hostname="DESKTOP-KKPJ5RQ" failures="0" tests="4" name="api.testcases.UserTest2" time="17.357" errors="0" timestamp="2024-02-20T16:08:54 IST" skipped="0">
  <testcase classname="api.testcases.UserTest2" name="testCreateUser" time="9.400"/>
  <testcase classname="api.testcases.UserTest2" name="testGetUserData" time="2.911"/>
  <testcase classname="api.testcases.UserTest2" name="testUpdateUser" time="3.261"/>
  <testcase classname="api.testcases.UserTest2" name="testDeleteUser" time="1.785"/>
</testsuite> <!-- api.testcases.UserTest2 -->
