<?xml version="1.0" encoding="UTF-8"?>
<!-- Generated by org.testng.reporters.JUnitReportReporter -->
<testsuite hostname="DESKTOP-KKPJ5RQ" failures="0" tests="4" name="api.testcases.UserTest2" time="29.973" errors="0" timestamp="2024-04-02T20:59:29 IST" skipped="0">
  <testcase classname="api.testcases.UserTest2" name="testCreateUser" time="13.920"/>
  <testcase classname="api.testcases.UserTest2" name="testGetUserData" time="3.057"/>
  <testcase classname="api.testcases.UserTest2" name="testUpdateUser" time="7.886"/>
  <testcase classname="api.testcases.UserTest2" name="testDeleteUser" time="5.110"/>
</testsuite> <!-- api.testcases.UserTest2 -->
