<?xml version="1.0" encoding="UTF-8"?>
<!-- Generated by org.testng.reporters.JUnitReportReporter -->
<testsuite hostname="DESKTOP-KKPJ5RQ" failures="0" tests="1" name="api.testcases.UserTest2" time="13.133" errors="0" timestamp="2024-04-10T20:55:51 IST" skipped="0">
  <testcase classname="api.testcases.UserTest2" name="testCreateUser" time="13.133"/>
</testsuite> <!-- api.testcases.UserTest2 -->
