<?xml version="1.0" encoding="UTF-8"?>
<!-- Generated by org.testng.reporters.JUnitReportReporter -->
<testsuite hostname="DESKTOP-KKPJ5RQ" failures="0" tests="4" name="api.testcases.UserTest2" time="8.743" errors="0" timestamp="2024-01-24T12:43:06 IST" skipped="0">
  <testcase classname="api.testcases.UserTest2" name="testCreateUser" time="1.744"/>
  <testcase classname="api.testcases.UserTest2" name="testGetUserData" time="1.832"/>
  <testcase classname="api.testcases.UserTest2" name="testUpdateUser" time="3.499"/>
  <testcase classname="api.testcases.UserTest2" name="testDeleteUser" time="1.668"/>
</testsuite> <!-- api.testcases.UserTest2 -->
