<?xml version="1.0" encoding="UTF-8"?>
<!-- Generated by org.testng.reporters.JUnitReportReporter -->
<testsuite hostname="DESKTOP-KKPJ5RQ" failures="0" tests="4" name="api.testcases.UserTest" time="17.650" errors="0" timestamp="2024-01-24T12:43:06 IST" skipped="0">
  <testcase classname="api.testcases.UserTest" name="testCreateUser" time="9.876"/>
  <testcase classname="api.testcases.UserTest" name="testGetUserData" time="1.727"/>
  <testcase classname="api.testcases.UserTest" name="testUpdateUser" time="4.016"/>
  <testcase classname="api.testcases.UserTest" name="testDeleteUser" time="2.031"/>
</testsuite> <!-- api.testcases.UserTest -->
