<?xml version="1.0" encoding="UTF-8"?>
<!-- Generated by org.testng.reporters.JUnitReportReporter -->
<testsuite hostname="DESKTOP-KKPJ5RQ" failures="0" tests="2" name="api.testcases.PetTest" time="8.773" errors="0" timestamp="2024-03-13T14:18:34 IST" skipped="0">
  <testcase classname="api.testcases.PetTest" name="testCreatePet" time="7.225"/>
  <testcase classname="api.testcases.PetTest" name="testGetUserData" time="1.548"/>
</testsuite> <!-- api.testcases.PetTest -->
