<?xml version="1.0" encoding="UTF-8"?>
<!-- Generated by org.testng.reporters.JUnitReportReporter -->
<testsuite hostname="DESKTOP-KKPJ5RQ" failures="0" tests="4" name="api.testcases.UserTest" time="15.721" errors="0" timestamp="2024-03-11T12:44:33 IST" skipped="0">
  <testcase classname="api.testcases.UserTest" name="testCreateUser" time="6.657"/>
  <testcase classname="api.testcases.UserTest" name="testGetUserData" time="1.790"/>
  <testcase classname="api.testcases.UserTest" name="testUpdateUser" time="5.199"/>
  <testcase classname="api.testcases.UserTest" name="testDeleteUser" time="2.075"/>
</testsuite> <!-- api.testcases.UserTest -->
