<?xml version="1.0" encoding="UTF-8"?>
<!-- Generated by org.testng.reporters.JUnitReportReporter -->
<testsuite hostname="DESKTOP-KKPJ5RQ" failures="0" tests="4" name="api.testcases.UserTest2" time="15.040" errors="0" timestamp="2024-01-24T14:43:48 IST" skipped="0">
  <testcase classname="api.testcases.UserTest2" name="testCreateUser" time="5.462"/>
  <testcase classname="api.testcases.UserTest2" name="testGetUserData" time="1.594"/>
  <testcase classname="api.testcases.UserTest2" name="testUpdateUser" time="5.435"/>
  <testcase classname="api.testcases.UserTest2" name="testDeleteUser" time="2.549"/>
</testsuite> <!-- api.testcases.UserTest2 -->
