<?xml version="1.0" encoding="UTF-8"?>
<!-- Generated by org.testng.reporters.JUnitReportReporter -->
<testsuite hostname="DESKTOP-KKPJ5RQ" failures="0" tests="4" name="api.testcases.UserTest" time="12.414" errors="0" timestamp="2024-03-21T14:27:53 IST" skipped="0">
  <testcase classname="api.testcases.UserTest" name="testCreateUser" time="6.496"/>
  <testcase classname="api.testcases.UserTest" name="testGetUserData" time="1.560"/>
  <testcase classname="api.testcases.UserTest" name="testUpdateUser" time="2.949"/>
  <testcase classname="api.testcases.UserTest" name="testDeleteUser" time="1.409"/>
</testsuite> <!-- api.testcases.UserTest -->
