<?xml version="1.0" encoding="UTF-8"?>
<!-- Generated by org.testng.reporters.JUnitReportReporter -->
<testsuite hostname="DESKTOP-KKPJ5RQ" failures="0" tests="4" name="api.testcases.UserTest" time="36.459" errors="0" timestamp="2024-01-24T14:43:48 IST" skipped="0">
  <testcase classname="api.testcases.UserTest" name="testCreateUser" time="18.926"/>
  <testcase classname="api.testcases.UserTest" name="testGetUserData" time="2.423"/>
  <testcase classname="api.testcases.UserTest" name="testUpdateUser" time="12.845"/>
  <testcase classname="api.testcases.UserTest" name="testDeleteUser" time="2.265"/>
</testsuite> <!-- api.testcases.UserTest -->
